\BOOKMARK [1][-]{section.1}{\376\377\137\025\212\000}{}% 1
\BOOKMARK [1][-]{section.2}{\376\377\166\370\121\163\135\345\117\134}{}% 2
\BOOKMARK [2][-]{subsection.2.1}{\376\377\123\314\146\362\121\340\117\125\127\050\000N\000L\000P\116\055\166\204\136\224\165\050}{section.2}% 3
\BOOKMARK [2][-]{subsection.2.2}{\376\377\221\317\133\120\124\057\123\321\117\341\140\157\150\300\175\042}{section.2}% 4
\BOOKMARK [2][-]{subsection.2.3}{\376\377\000L\000L\000M\116\012\116\013\145\207\142\151\134\125}{section.2}% 5
\BOOKMARK [1][-]{section.3}{\376\377\145\271\154\325}{}% 6
\BOOKMARK [2][-]{subsection.3.1}{\376\377\123\314\146\362\150\300\175\042\137\025\144\316}{section.3}% 7
\BOOKMARK [3][-]{subsubsection.3.1.1}{\376\377\000P\000o\000i\000n\000c\000a\000r\000\351\164\003\135\114\121\145}{subsection.3.1}% 8
\BOOKMARK [3][-]{subsubsection.3.1.2}{\376\377\150\300\175\042\155\101\154\064\176\277}{subsection.3.1}% 9
\BOOKMARK [2][-]{subsection.3.2}{\376\377\221\317\133\120\124\057\123\321\166\204\116\012\116\013\145\207\220\011\142\351}{section.3}% 10
\BOOKMARK [3][-]{subsubsection.3.2.1}{\376\377\116\012\116\013\145\207\123\340\122\240}{subsection.3.2}% 11
\BOOKMARK [3][-]{subsubsection.3.2.2}{\376\377\133\306\136\246\167\351\226\065\210\150\171\072}{subsection.3.2}% 12
\BOOKMARK [3][-]{subsubsection.3.2.3}{\376\377\127\372\116\216\155\113\221\317\166\204\220\011\142\351}{subsection.3.2}% 13
\BOOKMARK [2][-]{subsection.3.3}{\376\377\136\046\215\050\221\317\123\315\231\210\166\204\201\352\220\002\136\224\123\213\177\051}{section.3}% 14
\BOOKMARK [3][-]{subsubsection.3.3.1}{\376\377\123\213\177\051\173\126\165\145}{subsection.3.3}% 15
\BOOKMARK [3][-]{subsubsection.3.3.2}{\376\377\215\050\221\317\123\315\231\210\137\252\163\257}{subsection.3.3}% 16
\BOOKMARK [1][-]{section.4}{\376\377\174\373\176\337\147\266\147\204}{}% 17
\BOOKMARK [2][-]{subsection.4.1}{\376\377\116\011\134\102\213\260\137\306\147\266\147\204}{section.4}% 18
\BOOKMARK [2][-]{subsection.4.2}{\376\377\152\041\127\213\165\073\120\317\116\016\131\015\147\102\136\246}{section.4}% 19
\BOOKMARK [1][-]{section.5}{\376\377\133\236\232\214}{}% 20
\BOOKMARK [2][-]{subsection.5.1}{\376\377\133\236\232\214\213\276\177\156}{section.5}% 21
\BOOKMARK [2][-]{subsection.5.2}{\376\377\127\372\176\277\145\271\154\325}{section.5}% 22
\BOOKMARK [2][-]{subsection.5.3}{\376\377\176\323\147\234}{section.5}% 23
\BOOKMARK [1][-]{section.6}{\376\377\213\250\213\272}{}% 24
\BOOKMARK [1][-]{section.7}{\376\377\176\323\213\272}{}% 25
\BOOKMARK [1][-]{section*.1}{\376\377\123\302\200\003\145\207\163\056}{}% 26
